<?xml version="1.0" encoding="UTF-8"?>
<!-- Generated by org.testng.reporters.JUnitXMLReporter -->
<testsuite ignored="1" hostname="AHMED-PC" failures="0" tests="1" name="Default test" time="91.955" errors="0" timestamp="2023-08-03T11:09:05 EET">
  <testcase classname="tests.BookTolipHotelTest" name="searchForResults" time="89.252"/>
  <testcase classname="io.cucumber.testng.AbstractTestNGCucumberTests" name="runScenario" time="0.0">
    <ignored/>
  </testcase> <!-- runScenario -->
</testsuite> <!-- Default test -->
