<?xml version="1.0" encoding="UTF-8"?>
<testng-results ignored="1" total="2" passed="1" failed="0" skipped="0">
  <reporter-output>
  </reporter-output>
  <suite started-at="2023-08-03T11:07:33 EET" name="Default suite" finished-at="2023-08-03T11:09:05 EET" duration-ms="91955">
    <groups>
    </groups>
    <test started-at="2023-08-03T11:07:33 EET" name="Default test" finished-at="2023-08-03T11:09:05 EET" duration-ms="91955">
      <class name="tests.BookTolipHotelTest">
        <test-method is-config="true" signature="startdriver(java.lang.String)[pri:0, instance:tests.BookTolipHotelTest@221a3fa4]" started-at="2023-08-03T11:07:22 EET" name="startdriver" finished-at="2023-08-03T11:07:33 EET" duration-ms="11010" status="PASS">
          <params>
            <param index="0">
              <value>
                <![CDATA[chrome]]>
              </value>
            </param>
          </params>
          <reporter-output>
          </reporter-output>
        </test-method> <!-- startdriver -->
        <test-method is-config="true" signature="setUpClass(org.testng.ITestContext)[pri:0, instance:tests.BookTolipHotelTest@221a3fa4]" started-at="2023-08-03T11:07:33 EET" name="setUpClass" finished-at="2023-08-03T11:07:33 EET" duration-ms="424" status="PASS">
          <params>
            <param index="0">
              <value>
                <![CDATA[org.testng.TestRunner@4dfe8b37]]>
              </value>
            </param>
          </params>
          <reporter-output>
          </reporter-output>
        </test-method> <!-- setUpClass -->
        <test-method signature="searchForResults(java.lang.String,java.lang.String,java.lang.String,java.lang.String,java.lang.String,java.lang.String)[pri:0, instance:tests.BookTolipHotelTest@221a3fa4]" started-at="2023-08-03T11:07:35 EET" name="searchForResults" data-provider="TestData" finished-at="2023-08-03T11:09:05 EET" duration-ms="89252" status="PASS">
          <params>
            <param index="0">
              <value>
                <![CDATA[Alexandria]]>
              </value>
            </param>
            <param index="1">
              <value>
                <![CDATA[1]]>
              </value>
            </param>
            <param index="2">
              <value>
                <![CDATA[14]]>
              </value>
            </param>
            <param index="3">
              <value>
                <![CDATA[Tolip Hotel Alexandria]]>
              </value>
            </param>
            <param index="4">
              <value>
                <![CDATA[Sun, Oct 1]]>
              </value>
            </param>
            <param index="5">
              <value>
                <![CDATA[Sat, Oct 14]]>
              </value>
            </param>
          </params>
          <reporter-output>
          </reporter-output>
        </test-method> <!-- searchForResults -->
        <test-method is-config="true" signature="takeScreenshotOnFailure(org.testng.ITestResult)[pri:0, instance:tests.BookTolipHotelTest@221a3fa4]" started-at="2023-08-03T11:09:05 EET" name="takeScreenshotOnFailure" finished-at="2023-08-03T11:09:05 EET" duration-ms="1" status="PASS">
          <params>
            <param index="0">
              <value>
                <![CDATA[[TestResult name=searchForResults status=SUCCESS method=BookTolipHotelTest.searchForResults(java.lang.String,java.lang.String,java.lang.String,java.lang.String,java.lang.String,java.lang.String)[pri:0, instance:tests.BookTolipHotelTest@221a3fa4] output={null}]]]>
              </value>
            </param>
          </params>
          <reporter-output>
          </reporter-output>
        </test-method> <!-- takeScreenshotOnFailure -->
        <test-method is-config="true" signature="tearDownClass()[pri:0, instance:tests.BookTolipHotelTest@221a3fa4]" started-at="2023-08-03T11:09:05 EET" name="tearDownClass" finished-at="2023-08-03T11:09:05 EET" duration-ms="20" status="PASS">
          <reporter-output>
          </reporter-output>
        </test-method> <!-- tearDownClass -->
        <test-method is-config="true" signature="stopDriver()[pri:0, instance:tests.BookTolipHotelTest@221a3fa4]" started-at="2023-08-03T11:09:05 EET" name="stopDriver" finished-at="2023-08-03T11:09:05 EET" duration-ms="0" status="PASS">
          <reporter-output>
          </reporter-output>
        </test-method> <!-- stopDriver -->
      </class> <!-- tests.BookTolipHotelTest -->
    </test> <!-- Default test -->
  </suite> <!-- Default suite -->
</testng-results>
